c:\users\vo dinh cao minh tri\desktop\cattlevaniaproject\cattlevaniaproject\debug\vc120.pdb
c:\users\vo dinh cao minh tri\desktop\cattlevaniaproject\cattlevaniaproject\debug\vc120.idb
c:\users\vo dinh cao minh tri\desktop\cattlevaniaproject\cattlevaniaproject\debug\scene.obj
c:\users\vo dinh cao minh tri\desktop\cattlevaniaproject\cattlevaniaproject\debug\scenegame.obj
c:\users\vo dinh cao minh tri\desktop\cattlevaniaproject\cattlevaniaproject\debug\scenemain.obj
c:\users\vo dinh cao minh tri\desktop\cattlevaniaproject\cattlevaniaproject\debug\scenemenu.obj
c:\users\vo dinh cao minh tri\desktop\cattlevaniaproject\cattlevaniaproject\debug\simon.obj
c:\users\vo dinh cao minh tri\desktop\cattlevaniaproject\cattlevaniaproject\debug\singleton.obj
c:\users\vo dinh cao minh tri\desktop\cattlevaniaproject\cattlevaniaproject\debug\skeletal.obj
c:\users\vo dinh cao minh tri\desktop\cattlevaniaproject\cattlevaniaproject\debug\skeleton.obj
c:\users\vo dinh cao minh tri\desktop\cattlevaniaproject\cattlevaniaproject\debug\soundmanager.obj
c:\users\vo dinh cao minh tri\desktop\cattlevaniaproject\cattlevaniaproject\debug\spiketrap.obj
c:\users\vo dinh cao minh tri\desktop\cattlevaniaproject\cattlevaniaproject\debug\stair.obj
c:\users\vo dinh cao minh tri\desktop\cattlevaniaproject\cattlevaniaproject\debug\stupiddoor.obj
c:\users\vo dinh cao minh tri\desktop\cattlevaniaproject\cattlevaniaproject\debug\threewater.obj
c:\users\vo dinh cao minh tri\desktop\cattlevaniaproject\cattlevaniaproject\debug\tile.obj
c:\users\vo dinh cao minh tri\desktop\cattlevaniaproject\cattlevaniaproject\debug\utils.obj
c:\users\vo dinh cao minh tri\desktop\cattlevaniaproject\cattlevaniaproject\debug\vampirebat.obj
c:\users\vo dinh cao minh tri\desktop\cattlevaniaproject\cattlevaniaproject\debug\water.obj
c:\users\vo dinh cao minh tri\desktop\cattlevaniaproject\cattlevaniaproject\debug\weapon.obj
c:\users\vo dinh cao minh tri\desktop\cattlevaniaproject\cattlevaniaproject\debug\dsutil.obj
c:\users\vo dinh cao minh tri\desktop\cattlevaniaproject\cattlevaniaproject\debug\main.obj
c:\users\vo dinh cao minh tri\desktop\cattlevaniaproject\cattlevaniaproject\debug\firedie.obj
c:\users\vo dinh cao minh tri\desktop\cattlevaniaproject\cattlevaniaproject\debug\game.obj
c:\users\vo dinh cao minh tri\desktop\cattlevaniaproject\cattlevaniaproject\debug\gameobject.obj
c:\users\vo dinh cao minh tri\desktop\cattlevaniaproject\cattlevaniaproject\debug\gamescore.obj
c:\users\vo dinh cao minh tri\desktop\cattlevaniaproject\cattlevaniaproject\debug\global.obj
c:\users\vo dinh cao minh tri\desktop\cattlevaniaproject\cattlevaniaproject\debug\lkrect.obj
c:\users\vo dinh cao minh tri\desktop\cattlevaniaproject\cattlevaniaproject\debug\lake.obj
c:\users\vo dinh cao minh tri\desktop\cattlevaniaproject\cattlevaniaproject\debug\largecandle.obj
c:\users\vo dinh cao minh tri\desktop\cattlevaniaproject\cattlevaniaproject\debug\littlesnake.obj
c:\users\vo dinh cao minh tri\desktop\cattlevaniaproject\cattlevaniaproject\debug\magicalcrystal.obj
c:\users\vo dinh cao minh tri\desktop\cattlevaniaproject\cattlevaniaproject\debug\medusa.obj
c:\users\vo dinh cao minh tri\desktop\cattlevaniaproject\cattlevaniaproject\debug\morningstar.obj
c:\users\vo dinh cao minh tri\desktop\cattlevaniaproject\cattlevaniaproject\debug\morningstarsprite.obj
c:\users\vo dinh cao minh tri\desktop\cattlevaniaproject\cattlevaniaproject\debug\movingplatform.obj
c:\users\vo dinh cao minh tri\desktop\cattlevaniaproject\cattlevaniaproject\debug\opendoor.obj
c:\users\vo dinh cao minh tri\desktop\cattlevaniaproject\cattlevaniaproject\debug\phantombat.obj
c:\users\vo dinh cao minh tri\desktop\cattlevaniaproject\cattlevaniaproject\debug\qbackground.obj
c:\users\vo dinh cao minh tri\desktop\cattlevaniaproject\cattlevaniaproject\debug\qgameobject.obj
c:\users\vo dinh cao minh tri\desktop\cattlevaniaproject\cattlevaniaproject\debug\qnode.obj
c:\users\vo dinh cao minh tri\desktop\cattlevaniaproject\cattlevaniaproject\debug\queenmedusa.obj
c:\users\vo dinh cao minh tri\desktop\cattlevaniaproject\cattlevaniaproject\debug\axe.obj
c:\users\vo dinh cao minh tri\desktop\cattlevaniaproject\cattlevaniaproject\debug\blackknight.obj
c:\users\vo dinh cao minh tri\desktop\cattlevaniaproject\cattlevaniaproject\debug\blackraven.obj
c:\users\vo dinh cao minh tri\desktop\cattlevaniaproject\cattlevaniaproject\debug\boomerang.obj
c:\users\vo dinh cao minh tri\desktop\cattlevaniaproject\cattlevaniaproject\debug\brick.obj
c:\users\vo dinh cao minh tri\desktop\cattlevaniaproject\cattlevaniaproject\debug\caudio.obj
c:\users\vo dinh cao minh tri\desktop\cattlevaniaproject\cattlevaniaproject\debug\ccamera.obj
c:\users\vo dinh cao minh tri\desktop\cattlevaniaproject\cattlevaniaproject\debug\csprite.obj
c:\users\vo dinh cao minh tri\desktop\cattlevaniaproject\cattlevaniaproject\debug\ctext.obj
c:\users\vo dinh cao minh tri\desktop\cattlevaniaproject\cattlevaniaproject\debug\ctexture.obj
c:\users\vo dinh cao minh tri\desktop\cattlevaniaproject\cattlevaniaproject\debug\candle.obj
c:\users\vo dinh cao minh tri\desktop\cattlevaniaproject\cattlevaniaproject\debug\dagger.obj
c:\users\vo dinh cao minh tri\desktop\cattlevaniaproject\cattlevaniaproject\debug\door.obj
c:\users\vo dinh cao minh tri\desktop\cattlevaniaproject\cattlevaniaproject\debug\dragonskullcannon.obj
c:\users\vo dinh cao minh tri\desktop\cattlevaniaproject\cattlevaniaproject\debug\dynamicobject.obj
c:\users\vo dinh cao minh tri\desktop\cattlevaniaproject\cattlevaniaproject\debug\endgamescene.obj
c:\users\vo dinh cao minh tri\desktop\cattlevaniaproject\cattlevaniaproject\debug\fallingcastle.obj
c:\users\vo dinh cao minh tri\desktop\cattlevaniaproject\cattlevaniaproject\debug\fireball.obj
c:\users\vo dinh cao minh tri\desktop\cattlevaniaproject\cattlevaniaproject\debug\firebomb.obj
c:\users\vo dinh cao minh tri\desktop\cattlevaniaproject\debug\cattlevaniaproject.ilk
c:\users\vo dinh cao minh tri\desktop\cattlevaniaproject\debug\cattlevaniaproject.exe
c:\users\vo dinh cao minh tri\desktop\cattlevaniaproject\debug\cattlevaniaproject.pdb
c:\users\vo dinh cao minh tri\desktop\cattlevaniaproject\cattlevaniaproject\debug\blackleopard.obj
c:\users\vo dinh cao minh tri\desktop\cattlevaniaproject\cattlevaniaproject\debug\vc140.idb
c:\users\vo dinh cao minh tri\desktop\cattlevaniaproject\cattlevaniaproject\debug\vc140.pdb
c:\users\vo dinh cao minh tri\desktop\cattlevaniaproject\cattlevaniaproject\debug\cattleva.1d85ee11.tlog\cl.command.1.tlog
c:\users\vo dinh cao minh tri\desktop\cattlevaniaproject\cattlevaniaproject\debug\cattleva.1d85ee11.tlog\cl.read.1.tlog
c:\users\vo dinh cao minh tri\desktop\cattlevaniaproject\cattlevaniaproject\debug\cattleva.1d85ee11.tlog\cl.write.1.tlog
c:\users\vo dinh cao minh tri\desktop\cattlevaniaproject\cattlevaniaproject\debug\cattleva.1d85ee11.tlog\link.command.1.tlog
c:\users\vo dinh cao minh tri\desktop\cattlevaniaproject\cattlevaniaproject\debug\cattleva.1d85ee11.tlog\link.read.1.tlog
c:\users\vo dinh cao minh tri\desktop\cattlevaniaproject\cattlevaniaproject\debug\cattleva.1d85ee11.tlog\link.write.1.tlog
