Build started 12/29/2016 5:12:07 PM.
     1>Project "C:\Users\thais_000\Desktop\CattleVaniaProject\CattleVaniaProject\CattleVaniaProject.vcxproj" on node 2 (Build target(s)).
     1>ClCompile:
         C:\Program Files (x86)\Microsoft Visual Studio 12.0\VC\bin\CL.exe /c /Zi /nologo /W3 /WX- /sdl /O2 /Oi /Oy- /GL /D _MBCS /Gm- /EHsc /MD /GS /Gy /fp:precise /Zc:wchar_t /Zc:forScope /Fo"Release\\" /Fd"Release\vc120.pdb" /Gd /TP /analyze- /errorReport:prompt Simon.cpp
         Simon.cpp
         C:\Program Files (x86)\Microsoft DirectX SDK (June 2010)\Include\dinput.h: DIRECTINPUT_VERSION undefined. Defaulting to version 0x0800
     1>Simon.cpp(16): warning C4244: 'argument' : conversion from 'int' to 'float', possible loss of data
     1>Simon.cpp(133): warning C4305: '+=' : truncation from 'double' to 'float'
     1>Simon.cpp(134): warning C4305: '+=' : truncation from 'double' to 'float'
     1>Simon.cpp(156): warning C4305: '-=' : truncation from 'double' to 'float'
     1>Simon.cpp(157): warning C4305: '+=' : truncation from 'double' to 'float'
     1>Simon.cpp(181): warning C4305: '-=' : truncation from 'double' to 'float'
     1>Simon.cpp(182): warning C4305: '-=' : truncation from 'double' to 'float'
     1>Simon.cpp(203): warning C4305: '+=' : truncation from 'double' to 'float'
     1>Simon.cpp(204): warning C4305: '-=' : truncation from 'double' to 'float'
     1>Simon.cpp(329): warning C4244: 'argument' : conversion from 'int' to 'float', possible loss of data
     1>Simon.cpp(331): warning C4244: 'argument' : conversion from 'int' to 'float', possible loss of data
     1>Simon.cpp(342): warning C4244: 'argument' : conversion from 'float' to 'int', possible loss of data
     1>Simon.cpp(350): warning C4244: 'argument' : conversion from 'float' to 'int', possible loss of data
     1>Simon.cpp(557): warning C4244: '=' : conversion from 'float' to 'int', possible loss of data
     1>Simon.cpp(577): warning C4244: '=' : conversion from 'float' to 'int', possible loss of data
     1>Simon.cpp(597): warning C4244: '=' : conversion from 'float' to 'int', possible loss of data
     1>Simon.cpp(618): warning C4244: '=' : conversion from 'float' to 'int', possible loss of data
     1>Simon.cpp(709): warning C4805: '==' : unsafe mix of type 'float' and type 'bool' in operation
     1>Simon.cpp(718): warning C4244: 'argument' : conversion from 'float' to 'int', possible loss of data
     1>Simon.cpp(719): warning C4244: 'argument' : conversion from 'float' to 'int', possible loss of data
     1>Simon.cpp(721): warning C4244: 'argument' : conversion from 'float' to 'int', possible loss of data
     1>Simon.cpp(763): warning C4244: 'argument' : conversion from 'float' to 'int', possible loss of data
     1>Simon.cpp(766): warning C4244: 'argument' : conversion from 'FLOAT' to 'int', possible loss of data
     1>Simon.cpp(797): warning C4244: 'argument' : conversion from 'FLOAT' to 'int', possible loss of data
     1>Simon.cpp(800): warning C4244: 'argument' : conversion from 'FLOAT' to 'int', possible loss of data
     1>Simon.cpp(805): warning C4244: 'argument' : conversion from 'FLOAT' to 'int', possible loss of data
     1>Simon.cpp(808): warning C4244: 'argument' : conversion from 'FLOAT' to 'int', possible loss of data
     1>Simon.cpp(814): warning C4244: 'argument' : conversion from 'FLOAT' to 'int', possible loss of data
     1>Simon.cpp(819): warning C4244: 'argument' : conversion from 'FLOAT' to 'int', possible loss of data
     1>Simon.cpp(825): warning C4244: 'argument' : conversion from 'FLOAT' to 'int', possible loss of data
     1>Simon.cpp(828): warning C4244: 'argument' : conversion from 'FLOAT' to 'int', possible loss of data
     1>Simon.cpp(839): warning C4244: 'argument' : conversion from 'FLOAT' to 'int', possible loss of data
     1>Simon.cpp(842): warning C4244: 'argument' : conversion from 'FLOAT' to 'int', possible loss of data
     1>Simon.cpp(847): warning C4244: 'argument' : conversion from 'FLOAT' to 'int', possible loss of data
     1>Simon.cpp(850): warning C4244: 'argument' : conversion from 'FLOAT' to 'int', possible loss of data
     1>Simon.cpp(856): warning C4244: 'argument' : conversion from 'FLOAT' to 'int', possible loss of data
     1>Simon.cpp(861): warning C4244: 'argument' : conversion from 'FLOAT' to 'int', possible loss of data
     1>Simon.cpp(867): warning C4244: 'argument' : conversion from 'FLOAT' to 'int', possible loss of data
     1>Simon.cpp(870): warning C4244: 'argument' : conversion from 'FLOAT' to 'int', possible loss of data
     1>Simon.cpp(941): warning C4305: '=' : truncation from 'double' to 'float'
     1>Simon.cpp(1319): warning C4244: 'argument' : conversion from 'float' to 'int', possible loss of data
       Link:
         C:\Program Files (x86)\Microsoft Visual Studio 12.0\VC\bin\link.exe /ERRORREPORT:PROMPT /OUT:"C:\Users\thais_000\Desktop\CattleVaniaProject\Release\CattleVaniaProject.exe" /NOLOGO d3d9.lib d3dx9.lib dsound.lib dxguid.lib dxerr.lib winmm.lib dinput8.lib kernel32.lib user32.lib gdi32.lib winspool.lib comdlg32.lib advapi32.lib shell32.lib ole32.lib oleaut32.lib uuid.lib odbc32.lib odbccp32.lib /MANIFEST /MANIFESTUAC:"level='asInvoker' uiAccess='false'" /manifest:embed /DEBUG /PDB:"C:\Users\thais_000\Desktop\CattleVaniaProject\Release\CattleVaniaProject.pdb" /OPT:REF /OPT:ICF /LTCG /TLBID:1 /DYNAMICBASE /NXCOMPAT /IMPLIB:"C:\Users\thais_000\Desktop\CattleVaniaProject\Release\CattleVaniaProject.lib" /MACHINE:X86 /SAFESEH Release\Axe.obj
         Release\BlackKnight.obj
         Release\Boomerang.obj
         Release\Brick.obj
         Release\BrokenBrick.obj
         Release\Candle.obj
         Release\CAudio.obj
         Release\CCamera.obj
         Release\Crown.obj
         Release\Dagger.obj
         Release\Door.obj
         Release\DoubleShot.obj
         Release\DragonSkullCannon.obj
         Release\DynamicObject.obj
         Release\EndGameScene.obj
         Release\FallingCastle.obj
         Release\FireBall.obj
         Release\FireBomb.obj
         Release\FireDie.obj
         Release\Flyingblock.obj
         Release\Food.obj
         Release\Game.obj
         Release\dsutil.obj
         Release\GameObject.obj
         Release\GameScore.obj
         Release\Global.obj
         Release\CSprite.obj
         Release\CTexture.obj
         Release\CText.obj
         Release\GoldChest.obj
         Release\Lake.obj
         Release\LittleSnake.obj
         Release\LKRect.obj
         Release\MagicalCrystal.obj
         Release\main.obj
         Release\Medusa.obj
         Release\MorningStar.obj
         Release\MorningStarSprite.obj
         Release\MovingPlatform.obj
         Release\OpenDoor.obj
         Release\PhantomBat.obj
         Release\QBackground.obj
         Release\QGameObject.obj
         Release\QNode.obj
         Release\QueenMedusa.obj
         Release\Scene.obj
         Release\SceneGame.obj
         Release\SceneMain.obj
         Release\SceneMenu.obj
         Release\Simon.obj
         Release\Singleton.obj
         Release\Skeleton.obj
         Release\SoundManager.obj
         Release\SpikeTrap.obj
         Release\Stair.obj
         Release\StupidDoor.obj
         Release\Tile.obj
         Release\Utils.obj
         Release\VampireBat.obj
         Release\Weapon.obj
         Generating code
     1>c:\users\thais_000\desktop\cattlevaniaproject\cattlevaniaproject\singleton.cpp(190): warning C4715: 'Singleton::getTexture' : not all control paths return a value
     1>c:\users\thais_000\desktop\cattlevaniaproject\cattlevaniaproject\game.cpp(59): warning C4715: 'CGame::InitWindow' : not all control paths return a value
         Finished generating code
         CattleVaniaProject.vcxproj -> C:\Users\thais_000\Desktop\CattleVaniaProject\Release\CattleVaniaProject.exe
     1>Done Building Project "C:\Users\thais_000\Desktop\CattleVaniaProject\CattleVaniaProject\CattleVaniaProject.vcxproj" (Build target(s)).

Build succeeded.

Time Elapsed 00:00:04.11
