c:\users\vo dinh cao minh tri\desktop\moi nhat\cattlevaniaproject\cattlevaniaproject\release\vc120.pdb
c:\users\vo dinh cao minh tri\desktop\moi nhat\cattlevaniaproject\cattlevaniaproject\release\lkrect.obj
c:\users\vo dinh cao minh tri\desktop\moi nhat\cattlevaniaproject\cattlevaniaproject\release\tile.obj
c:\users\vo dinh cao minh tri\desktop\moi nhat\cattlevaniaproject\cattlevaniaproject\release\skeleton.obj
c:\users\vo dinh cao minh tri\desktop\moi nhat\cattlevaniaproject\cattlevaniaproject\release\qnode.obj
c:\users\vo dinh cao minh tri\desktop\moi nhat\cattlevaniaproject\cattlevaniaproject\release\flyingblock.obj
c:\users\vo dinh cao minh tri\desktop\moi nhat\cattlevaniaproject\cattlevaniaproject\release\firedie.obj
c:\users\vo dinh cao minh tri\desktop\moi nhat\cattlevaniaproject\cattlevaniaproject\release\firebomb.obj
c:\users\vo dinh cao minh tri\desktop\moi nhat\cattlevaniaproject\cattlevaniaproject\release\fireball.obj
c:\users\vo dinh cao minh tri\desktop\moi nhat\cattlevaniaproject\cattlevaniaproject\release\fallingcastle.obj
c:\users\vo dinh cao minh tri\desktop\moi nhat\cattlevaniaproject\cattlevaniaproject\release\endgamescene.obj
c:\users\vo dinh cao minh tri\desktop\moi nhat\cattlevaniaproject\cattlevaniaproject\release\dynamicobject.obj
c:\users\vo dinh cao minh tri\desktop\moi nhat\cattlevaniaproject\cattlevaniaproject\release\dragonskullcannon.obj
c:\users\vo dinh cao minh tri\desktop\moi nhat\cattlevaniaproject\cattlevaniaproject\release\doubleshot.obj
c:\users\vo dinh cao minh tri\desktop\moi nhat\cattlevaniaproject\cattlevaniaproject\release\door.obj
c:\users\vo dinh cao minh tri\desktop\moi nhat\cattlevaniaproject\cattlevaniaproject\release\dagger.obj
c:\users\vo dinh cao minh tri\desktop\moi nhat\cattlevaniaproject\cattlevaniaproject\release\crown.obj
c:\users\vo dinh cao minh tri\desktop\moi nhat\cattlevaniaproject\cattlevaniaproject\release\ccamera.obj
c:\users\vo dinh cao minh tri\desktop\moi nhat\cattlevaniaproject\cattlevaniaproject\release\caudio.obj
c:\users\vo dinh cao minh tri\desktop\moi nhat\cattlevaniaproject\cattlevaniaproject\release\candle.obj
c:\users\vo dinh cao minh tri\desktop\moi nhat\cattlevaniaproject\cattlevaniaproject\release\brokenbrick.obj
c:\users\vo dinh cao minh tri\desktop\moi nhat\cattlevaniaproject\cattlevaniaproject\release\brick.obj
c:\users\vo dinh cao minh tri\desktop\moi nhat\cattlevaniaproject\cattlevaniaproject\release\boomerang.obj
c:\users\vo dinh cao minh tri\desktop\moi nhat\cattlevaniaproject\cattlevaniaproject\release\blackknight.obj
c:\users\vo dinh cao minh tri\desktop\moi nhat\cattlevaniaproject\cattlevaniaproject\release\axe.obj
c:\users\vo dinh cao minh tri\desktop\moi nhat\cattlevaniaproject\cattlevaniaproject\release\opendoor.obj
c:\users\vo dinh cao minh tri\desktop\moi nhat\cattlevaniaproject\cattlevaniaproject\release\movingplatform.obj
c:\users\vo dinh cao minh tri\desktop\moi nhat\cattlevaniaproject\cattlevaniaproject\release\morningstarsprite.obj
c:\users\vo dinh cao minh tri\desktop\moi nhat\cattlevaniaproject\cattlevaniaproject\release\morningstar.obj
c:\users\vo dinh cao minh tri\desktop\moi nhat\cattlevaniaproject\cattlevaniaproject\release\medusa.obj
c:\users\vo dinh cao minh tri\desktop\moi nhat\cattlevaniaproject\cattlevaniaproject\release\main.obj
c:\users\vo dinh cao minh tri\desktop\moi nhat\cattlevaniaproject\cattlevaniaproject\release\magicalcrystal.obj
c:\users\vo dinh cao minh tri\desktop\moi nhat\cattlevaniaproject\cattlevaniaproject\release\littlesnake.obj
c:\users\vo dinh cao minh tri\desktop\moi nhat\cattlevaniaproject\cattlevaniaproject\release\lake.obj
c:\users\vo dinh cao minh tri\desktop\moi nhat\cattlevaniaproject\cattlevaniaproject\release\goldchest.obj
c:\users\vo dinh cao minh tri\desktop\moi nhat\cattlevaniaproject\cattlevaniaproject\release\ctext.obj
c:\users\vo dinh cao minh tri\desktop\moi nhat\cattlevaniaproject\cattlevaniaproject\release\ctexture.obj
c:\users\vo dinh cao minh tri\desktop\moi nhat\cattlevaniaproject\cattlevaniaproject\release\csprite.obj
c:\users\vo dinh cao minh tri\desktop\moi nhat\cattlevaniaproject\cattlevaniaproject\release\global.obj
c:\users\vo dinh cao minh tri\desktop\moi nhat\cattlevaniaproject\cattlevaniaproject\release\gamescore.obj
c:\users\vo dinh cao minh tri\desktop\moi nhat\cattlevaniaproject\cattlevaniaproject\release\gameobject.obj
c:\users\vo dinh cao minh tri\desktop\moi nhat\cattlevaniaproject\cattlevaniaproject\release\dsutil.obj
c:\users\vo dinh cao minh tri\desktop\moi nhat\cattlevaniaproject\cattlevaniaproject\release\game.obj
c:\users\vo dinh cao minh tri\desktop\moi nhat\cattlevaniaproject\cattlevaniaproject\release\food.obj
c:\users\vo dinh cao minh tri\desktop\moi nhat\cattlevaniaproject\cattlevaniaproject\release\weapon.obj
c:\users\vo dinh cao minh tri\desktop\moi nhat\cattlevaniaproject\cattlevaniaproject\release\vampirebat.obj
c:\users\vo dinh cao minh tri\desktop\moi nhat\cattlevaniaproject\cattlevaniaproject\release\utils.obj
c:\users\vo dinh cao minh tri\desktop\moi nhat\cattlevaniaproject\cattlevaniaproject\release\stupiddoor.obj
c:\users\vo dinh cao minh tri\desktop\moi nhat\cattlevaniaproject\cattlevaniaproject\release\stair.obj
c:\users\vo dinh cao minh tri\desktop\moi nhat\cattlevaniaproject\cattlevaniaproject\release\spiketrap.obj
c:\users\vo dinh cao minh tri\desktop\moi nhat\cattlevaniaproject\cattlevaniaproject\release\soundmanager.obj
c:\users\vo dinh cao minh tri\desktop\moi nhat\cattlevaniaproject\cattlevaniaproject\release\singleton.obj
c:\users\vo dinh cao minh tri\desktop\moi nhat\cattlevaniaproject\cattlevaniaproject\release\simon.obj
c:\users\vo dinh cao minh tri\desktop\moi nhat\cattlevaniaproject\cattlevaniaproject\release\scenemenu.obj
c:\users\vo dinh cao minh tri\desktop\moi nhat\cattlevaniaproject\cattlevaniaproject\release\scenemain.obj
c:\users\vo dinh cao minh tri\desktop\moi nhat\cattlevaniaproject\cattlevaniaproject\release\scenegame.obj
c:\users\vo dinh cao minh tri\desktop\moi nhat\cattlevaniaproject\cattlevaniaproject\release\scene.obj
c:\users\vo dinh cao minh tri\desktop\moi nhat\cattlevaniaproject\cattlevaniaproject\release\queenmedusa.obj
c:\users\vo dinh cao minh tri\desktop\moi nhat\cattlevaniaproject\cattlevaniaproject\release\qgameobject.obj
c:\users\vo dinh cao minh tri\desktop\moi nhat\cattlevaniaproject\cattlevaniaproject\release\qbackground.obj
c:\users\vo dinh cao minh tri\desktop\moi nhat\cattlevaniaproject\cattlevaniaproject\release\phantombat.obj
c:\users\thais_000\desktop\cattlevaniaproject\cattlevaniaproject\release\vc120.pdb
c:\users\thais_000\desktop\cattlevaniaproject\cattlevaniaproject\release\flyingblock.obj
c:\users\thais_000\desktop\cattlevaniaproject\cattlevaniaproject\release\firedie.obj
c:\users\thais_000\desktop\cattlevaniaproject\cattlevaniaproject\release\firebomb.obj
c:\users\thais_000\desktop\cattlevaniaproject\cattlevaniaproject\release\fireball.obj
c:\users\thais_000\desktop\cattlevaniaproject\cattlevaniaproject\release\fallingcastle.obj
c:\users\thais_000\desktop\cattlevaniaproject\cattlevaniaproject\release\endgamescene.obj
c:\users\thais_000\desktop\cattlevaniaproject\cattlevaniaproject\release\dynamicobject.obj
c:\users\thais_000\desktop\cattlevaniaproject\cattlevaniaproject\release\dragonskullcannon.obj
c:\users\thais_000\desktop\cattlevaniaproject\cattlevaniaproject\release\doubleshot.obj
c:\users\thais_000\desktop\cattlevaniaproject\cattlevaniaproject\release\door.obj
c:\users\thais_000\desktop\cattlevaniaproject\cattlevaniaproject\release\dagger.obj
c:\users\thais_000\desktop\cattlevaniaproject\cattlevaniaproject\release\crown.obj
c:\users\thais_000\desktop\cattlevaniaproject\cattlevaniaproject\release\ccamera.obj
c:\users\thais_000\desktop\cattlevaniaproject\cattlevaniaproject\release\caudio.obj
c:\users\thais_000\desktop\cattlevaniaproject\cattlevaniaproject\release\candle.obj
c:\users\thais_000\desktop\cattlevaniaproject\cattlevaniaproject\release\brokenbrick.obj
c:\users\thais_000\desktop\cattlevaniaproject\cattlevaniaproject\release\brick.obj
c:\users\thais_000\desktop\cattlevaniaproject\cattlevaniaproject\release\boomerang.obj
c:\users\thais_000\desktop\cattlevaniaproject\cattlevaniaproject\release\axe.obj
c:\users\thais_000\desktop\cattlevaniaproject\cattlevaniaproject\release\opendoor.obj
c:\users\thais_000\desktop\cattlevaniaproject\cattlevaniaproject\release\movingplatform.obj
c:\users\thais_000\desktop\cattlevaniaproject\cattlevaniaproject\release\morningstarsprite.obj
c:\users\thais_000\desktop\cattlevaniaproject\cattlevaniaproject\release\morningstar.obj
c:\users\thais_000\desktop\cattlevaniaproject\cattlevaniaproject\release\medusa.obj
c:\users\thais_000\desktop\cattlevaniaproject\cattlevaniaproject\release\magicalcrystal.obj
c:\users\thais_000\desktop\cattlevaniaproject\cattlevaniaproject\release\lkrect.obj
c:\users\thais_000\desktop\cattlevaniaproject\cattlevaniaproject\release\littlesnake.obj
c:\users\thais_000\desktop\cattlevaniaproject\cattlevaniaproject\release\lake.obj
c:\users\thais_000\desktop\cattlevaniaproject\cattlevaniaproject\release\goldchest.obj
c:\users\thais_000\desktop\cattlevaniaproject\cattlevaniaproject\release\ctext.obj
c:\users\thais_000\desktop\cattlevaniaproject\cattlevaniaproject\release\ctexture.obj
c:\users\thais_000\desktop\cattlevaniaproject\cattlevaniaproject\release\csprite.obj
c:\users\thais_000\desktop\cattlevaniaproject\cattlevaniaproject\release\global.obj
c:\users\thais_000\desktop\cattlevaniaproject\cattlevaniaproject\release\gamescore.obj
c:\users\thais_000\desktop\cattlevaniaproject\cattlevaniaproject\release\gameobject.obj
c:\users\thais_000\desktop\cattlevaniaproject\cattlevaniaproject\release\dsutil.obj
c:\users\thais_000\desktop\cattlevaniaproject\cattlevaniaproject\release\game.obj
c:\users\thais_000\desktop\cattlevaniaproject\cattlevaniaproject\release\food.obj
c:\users\thais_000\desktop\cattlevaniaproject\cattlevaniaproject\release\weapon.obj
c:\users\thais_000\desktop\cattlevaniaproject\cattlevaniaproject\release\vampirebat.obj
c:\users\thais_000\desktop\cattlevaniaproject\cattlevaniaproject\release\utils.obj
c:\users\thais_000\desktop\cattlevaniaproject\cattlevaniaproject\release\tile.obj
c:\users\thais_000\desktop\cattlevaniaproject\cattlevaniaproject\release\stupiddoor.obj
c:\users\thais_000\desktop\cattlevaniaproject\cattlevaniaproject\release\stair.obj
c:\users\thais_000\desktop\cattlevaniaproject\cattlevaniaproject\release\spiketrap.obj
c:\users\thais_000\desktop\cattlevaniaproject\cattlevaniaproject\release\soundmanager.obj
c:\users\thais_000\desktop\cattlevaniaproject\cattlevaniaproject\release\skeleton.obj
c:\users\thais_000\desktop\cattlevaniaproject\cattlevaniaproject\release\singleton.obj
c:\users\thais_000\desktop\cattlevaniaproject\cattlevaniaproject\release\simon.obj
c:\users\thais_000\desktop\cattlevaniaproject\cattlevaniaproject\release\scene.obj
c:\users\thais_000\desktop\cattlevaniaproject\cattlevaniaproject\release\queenmedusa.obj
c:\users\thais_000\desktop\cattlevaniaproject\cattlevaniaproject\release\qnode.obj
c:\users\thais_000\desktop\cattlevaniaproject\cattlevaniaproject\release\qbackground.obj
c:\users\thais_000\desktop\cattlevaniaproject\cattlevaniaproject\release\phantombat.obj
c:\users\vo dinh cao minh tri\desktop\moi nhat\cattlevaniaproject\release\cattlevaniaproject.exe
c:\users\vo dinh cao minh tri\desktop\moi nhat\cattlevaniaproject\release\cattlevaniaproject.pdb
c:\users\thais_000\desktop\cattlevaniaproject\release\cattlevaniaproject.pdb
c:\users\thais_000\desktop\cattlevaniaproject\release\cattlevaniaproject.exe
c:\users\thais_000\desktop\cattlevaniaproject\cattlevaniaproject\release\cattleva.1d85ee11.tlog\cl.command.1.tlog
c:\users\thais_000\desktop\cattlevaniaproject\cattlevaniaproject\release\cattleva.1d85ee11.tlog\cl.read.1.tlog
c:\users\thais_000\desktop\cattlevaniaproject\cattlevaniaproject\release\cattleva.1d85ee11.tlog\cl.write.1.tlog
c:\users\thais_000\desktop\cattlevaniaproject\cattlevaniaproject\release\cattleva.1d85ee11.tlog\link.command.1.tlog
c:\users\thais_000\desktop\cattlevaniaproject\cattlevaniaproject\release\cattleva.1d85ee11.tlog\link.read.1.tlog
c:\users\thais_000\desktop\cattlevaniaproject\cattlevaniaproject\release\cattleva.1d85ee11.tlog\link.write.1.tlog
